<?xml version="1.0" encoding="UTF-8"?>
<!-- Generated by org.testng.reporters.JUnitReportReporter -->
<testsuite skipped="1" hostname="DESKTOP-GG4N9HQ" name="com.test.testng.TestNGSimple" tests="2" failures="0" timestamp="2022-03-14T20:54:26 EDT" time="1.746" errors="1">
  <testcase name="beforeClass" time="1.746" classname="com.test.testng.TestNGSimple">
    <error type="org.openqa.selenium.SessionNotCreatedException" message="session not created: This version of ChromeDriver only supports Chrome version 94
Current browser version is 99.0.4844.51 with binary path C:\Program Files\Google\Chrome\Application\chrome.exe
Build info: version: &#039;3.4.0&#039;, revision: &#039;unknown&#039;, time: &#039;unknown&#039;
System info: host: &#039;DESKTOP-GG4N9HQ&#039;, ip: &#039;192.168.2.23&#039;, os.name: &#039;Windows 10&#039;, os.arch: &#039;amd64&#039;, os.version: &#039;10.0&#039;, java.version: &#039;1.8.0_281&#039;
Driver info: driver.version: ChromeDriver
remote stacktrace: Backtrace:
	Ordinal0 [0x0095BDE3+2473443]
	Ordinal0 [0x008F6661+2057825]
	Ordinal0 [0x00802438+1057848]
	Ordinal0 [0x0082054A+1181002]
	Ordinal0 [0x0081C435+1164341]
	Ordinal0 [0x00819CAF+1154223]
	Ordinal0 [0x00849ADF+1350367]
	Ordinal0 [0x0084974A+1349450]
	Ordinal0 [0x008455AB+1332651]
	Ordinal0 [0x00822104+1188100]
	Ordinal0 [0x00822F59+1191769]
	GetHandleVerifier [0x00AE2266+1549718]
	GetHandleVerifier [0x00B8D4A7+2250711]
	GetHandleVerifier [0x009E718B+521403]
	GetHandleVerifier [0x009E6229+517465]
	Ordinal0 [0x008FB79D+2078621]
	Ordinal0 [0x008FFB58+2095960]
	Ordinal0 [0x008FFC92+2096274]
	Ordinal0 [0x00909541+2135361]
	BaseThreadInitThunk [0x768C6739+25]
	RtlGetFullPathName_UEx [0x77DD8E7F+1215]
	RtlGetFullPathName_UEx [0x77DD8E4D+1165]
">
      <![CDATA[org.openqa.selenium.SessionNotCreatedException: session not created: This version of ChromeDriver only supports Chrome version 94
Current browser version is 99.0.4844.51 with binary path C:\Program Files\Google\Chrome\Application\chrome.exe
Build info: version: '3.4.0', revision: 'unknown', time: 'unknown'
System info: host: 'DESKTOP-GG4N9HQ', ip: '192.168.2.23', os.name: 'Windows 10', os.arch: 'amd64', os.version: '10.0', java.version: '1.8.0_281'
Driver info: driver.version: ChromeDriver
remote stacktrace: Backtrace:
Ordinal0 [0x0095BDE3+2473443]
Ordinal0 [0x008F6661+2057825]
Ordinal0 [0x00802438+1057848]
Ordinal0 [0x0082054A+1181002]
Ordinal0 [0x0081C435+1164341]
Ordinal0 [0x00819CAF+1154223]
Ordinal0 [0x00849ADF+1350367]
Ordinal0 [0x0084974A+1349450]
Ordinal0 [0x008455AB+1332651]
Ordinal0 [0x00822104+1188100]
Ordinal0 [0x00822F59+1191769]
GetHandleVerifier [0x00AE2266+1549718]
GetHandleVerifier [0x00B8D4A7+2250711]
GetHandleVerifier [0x009E718B+521403]
GetHandleVerifier [0x009E6229+517465]
Ordinal0 [0x008FB79D+2078621]
Ordinal0 [0x008FFB58+2095960]
Ordinal0 [0x008FFC92+2096274]
Ordinal0 [0x00909541+2135361]
BaseThreadInitThunk [0x768C6739+25]
RtlGetFullPathName_UEx [0x77DD8E7F+1215]
RtlGetFullPathName_UEx [0x77DD8E4D+1165]

at sun.reflect.NativeConstructorAccessorImpl.newInstance0(Native Method)
at sun.reflect.NativeConstructorAccessorImpl.newInstance(NativeConstructorAccessorImpl.java:62)
at sun.reflect.DelegatingConstructorAccessorImpl.newInstance(DelegatingConstructorAccessorImpl.java:45)
at java.lang.reflect.Constructor.newInstance(Constructor.java:423)
at org.openqa.selenium.remote.W3CHandshakeResponse.lambda$new$0(W3CHandshakeResponse.java:57)
at org.openqa.selenium.remote.W3CHandshakeResponse.lambda$getResponseFunction$2(W3CHandshakeResponse.java:104)
at org.openqa.selenium.remote.ProtocolHandshake.lambda$createSession$22(ProtocolHandshake.java:365)
at java.util.stream.ReferencePipeline$3$1.accept(ReferencePipeline.java:193)
at java.util.Spliterators$ArraySpliterator.tryAdvance(Spliterators.java:958)
at java.util.stream.ReferencePipeline.forEachWithCancel(ReferencePipeline.java:126)
at java.util.stream.AbstractPipeline.copyIntoWithCancel(AbstractPipeline.java:499)
at java.util.stream.AbstractPipeline.copyInto(AbstractPipeline.java:486)
at java.util.stream.AbstractPipeline.wrapAndCopyInto(AbstractPipeline.java:472)
at java.util.stream.FindOps$FindOp.evaluateSequential(FindOps.java:152)
at java.util.stream.AbstractPipeline.evaluate(AbstractPipeline.java:234)
at java.util.stream.ReferencePipeline.findFirst(ReferencePipeline.java:464)
at org.openqa.selenium.remote.ProtocolHandshake.createSession(ProtocolHandshake.java:368)
at org.openqa.selenium.remote.ProtocolHandshake.createSession(ProtocolHandshake.java:159)
at org.openqa.selenium.remote.HttpCommandExecutor.execute(HttpCommandExecutor.java:142)
at org.openqa.selenium.remote.service.DriverCommandExecutor.execute(DriverCommandExecutor.java:82)
at org.openqa.selenium.remote.RemoteWebDriver.execute(RemoteWebDriver.java:637)
at org.openqa.selenium.remote.RemoteWebDriver.startSession(RemoteWebDriver.java:250)
at org.openqa.selenium.remote.RemoteWebDriver.startSession(RemoteWebDriver.java:236)
at org.openqa.selenium.remote.RemoteWebDriver.<init>(RemoteWebDriver.java:137)
at org.openqa.selenium.chrome.ChromeDriver.<init>(ChromeDriver.java:184)
at org.openqa.selenium.chrome.ChromeDriver.<init>(ChromeDriver.java:171)
at org.openqa.selenium.chrome.ChromeDriver.<init>(ChromeDriver.java:124)
at com.test.testng.TestNGSimple.beforeClass(TestNGSimple.java:20)
at sun.reflect.NativeMethodAccessorImpl.invoke0(Native Method)
at sun.reflect.NativeMethodAccessorImpl.invoke(NativeMethodAccessorImpl.java:62)
at sun.reflect.DelegatingMethodAccessorImpl.invoke(DelegatingMethodAccessorImpl.java:43)
at java.lang.reflect.Method.invoke(Method.java:498)
at org.testng.internal.MethodInvocationHelper.invokeMethod(MethodInvocationHelper.java:133)
at org.testng.internal.MethodInvocationHelper.invokeMethodConsideringTimeout(MethodInvocationHelper.java:62)
at org.testng.internal.ConfigInvoker.invokeConfigurationMethod(ConfigInvoker.java:385)
at org.testng.internal.ConfigInvoker.invokeConfigurations(ConfigInvoker.java:321)
at org.testng.internal.TestMethodWorker.invokeBeforeClassMethods(TestMethodWorker.java:176)
at org.testng.internal.TestMethodWorker.run(TestMethodWorker.java:122)
at java.util.ArrayList.forEach(ArrayList.java:1259)
at org.testng.TestRunner.privateRun(TestRunner.java:794)
at org.testng.TestRunner.run(TestRunner.java:596)
at org.testng.SuiteRunner.runTest(SuiteRunner.java:377)
at org.testng.SuiteRunner.runSequentially(SuiteRunner.java:371)
at org.testng.SuiteRunner.privateRun(SuiteRunner.java:332)
at org.testng.SuiteRunner.run(SuiteRunner.java:276)
at org.testng.SuiteRunnerWorker.runSuite(SuiteRunnerWorker.java:53)
at org.testng.SuiteRunnerWorker.run(SuiteRunnerWorker.java:96)
at org.testng.TestNG.runSuitesSequentially(TestNG.java:1212)
at org.testng.TestNG.runSuitesLocally(TestNG.java:1134)
at org.testng.TestNG.runSuites(TestNG.java:1063)
at org.testng.TestNG.run(TestNG.java:1031)
at org.testng.remote.AbstractRemoteTestNG.run(AbstractRemoteTestNG.java:115)
at org.testng.remote.RemoteTestNG.initAndRun(RemoteTestNG.java:251)
at org.testng.remote.RemoteTestNG.main(RemoteTestNG.java:77)
]]>
    </error>
  </testcase> <!-- beforeClass -->
  <system-out/>
  <testcase name="openMyBlog" time="0.000" classname="com.test.testng.TestNGSimple">
    <skipped/>
  </testcase> <!-- openMyBlog -->
  <system-out/>
</testsuite> <!-- com.test.testng.TestNGSimple -->
